<?xml version="1.0" encoding="UTF-8"?>
<!-- Generated by org.testng.reporters.JUnitReportReporter -->
<testsuite skipped="0" hostname="Supri-PC" name="testcases.TC001" tests="1" failures="0" timestamp="17 Oct 2018 06:45:40 GMT" time="31.613" errors="0">
  <testcase name="runTest" time="31.613" classname="testcases.TC001"/>
</testsuite> <!-- testcases.TC001 -->
