<?xml version="1.0" encoding="UTF-8"?>
<!-- Generated by org.testng.reporters.JUnitReportReporter -->
<testsuite hostname="BDC8-LX-72309K9" failures="0" tests="1" name="testcases.TC001" time="9.352" errors="0" timestamp="18 Oct 2018 11:15:20 GMT" skipped="0">
  <testcase classname="testcases.TC001" name="runTest" time="9.352"/>
</testsuite> <!-- testcases.TC001 -->
