<?xml version="1.0" encoding="UTF-8"?>
<!-- Generated by org.testng.reporters.JUnitReportReporter -->
<testsuite hostname="BDC8-LX-72309K9" failures="0" tests="1" name="testcases.TC002" time="13.199" errors="0" timestamp="17 Feb 2019 12:50:38 GMT" skipped="0">
  <testcase classname="testcases.TC002" name="runTest" time="13.199"/>
</testsuite> <!-- testcases.TC002 -->
