<?xml version="1.0" encoding="UTF-8"?>
<!-- Generated by org.testng.reporters.JUnitReportReporter -->
<testsuite skipped="0" hostname="Supri-PC" name="testcases.TC001" tests="1" failures="0" timestamp="15 Oct 2018 06:51:58 GMT" time="20.805" errors="0">
  <testcase name="runTest" time="20.805" classname="testcases.TC001"/>
</testsuite> <!-- testcases.TC001 -->
