<?xml version="1.0" encoding="UTF-8"?>
<!-- Generated by org.testng.reporters.JUnitReportReporter -->
<testsuite skipped="0" hostname="Supri-PC" name="com.org.excelproject.myexcelproject.SampleMavenTest" tests="1" failures="0" timestamp="05 Oct 2018 05:38:17 GMT" time="0.015" errors="0">
  <testcase name="f" time="0.015" classname="com.org.excelproject.myexcelproject.SampleMavenTest"/>
</testsuite> <!-- com.org.excelproject.myexcelproject.SampleMavenTest -->
